{"C:\\Users\\LC user\\Desktop\\Rs School Stage2\\RS-final\\src\\app\\App.tsx": {"path":"C:\\Users\\LC user\\Desktop\\Rs School Stage2\\RS-final\\src\\app\\App.tsx","statementMap":{"0":{"start":{"line":11,"column":16},"end":{"line":27,"column":1}},"1":{"start":{"line":12,"column":42},"end":{"line":12,"column":97}},"2":{"start":{"line":13,"column":2},"end":{"line":26,"column":null}}},"fnMap":{"0":{"name":"(anonymous_0)","decl":{"start":{"line":11,"column":16},"end":{"line":11,"column":19}},"loc":{"start":{"line":11,"column":21},"end":{"line":27,"column":1}}}},"branchMap":{},"s":{"0":0,"1":0,"2":0},"f":{"0":0},"b":{}}
,"C:\\Users\\LC user\\Desktop\\Rs School Stage2\\RS-final\\src\\app\\constants.ts": {"path":"C:\\Users\\LC user\\Desktop\\Rs School Stage2\\RS-final\\src\\app\\constants.ts","statementMap":{"0":{"start":{"line":1,"column":52},"end":{"line":8,"column":null}}},"fnMap":{},"branchMap":{},"s":{"0":0},"f":{},"b":{}}
,"C:\\Users\\LC user\\Desktop\\Rs School Stage2\\RS-final\\src\\app\\main.tsx": {"path":"C:\\Users\\LC user\\Desktop\\Rs School Stage2\\RS-final\\src\\app\\main.tsx","statementMap":{"0":{"start":{"line":9,"column":20},"end":{"line":9,"column":51}},"1":{"start":{"line":11,"column":0},"end":{"line":19,"column":1}},"2":{"start":{"line":12,"column":2},"end":{"line":18,"column":null}}},"fnMap":{},"branchMap":{"0":{"loc":{"start":{"line":11,"column":0},"end":{"line":19,"column":1}},"type":"if","locations":[{"start":{"line":11,"column":0},"end":{"line":19,"column":1}}]}},"s":{"0":0,"1":0,"2":0},"f":{},"b":{"0":[0]}}
,"C:\\Users\\LC user\\Desktop\\Rs School Stage2\\RS-final\\src\\app\\vite-env.d.ts": {"path":"C:\\Users\\LC user\\Desktop\\Rs School Stage2\\RS-final\\src\\app\\vite-env.d.ts","statementMap":{},"fnMap":{},"branchMap":{},"s":{},"f":{},"b":{}}
,"C:\\Users\\LC user\\Desktop\\Rs School Stage2\\RS-final\\src\\app\\api\\BuildClient.ts": {"path":"C:\\Users\\LC user\\Desktop\\Rs School Stage2\\RS-final\\src\\app\\api\\BuildClient.ts","statementMap":{"0":{"start":{"line":7,"column":26},"end":{"line":7,"column":53}},"1":{"start":{"line":8,"column":15},"end":{"line":8,"column":39}},"2":{"start":{"line":10,"column":30},"end":{"line":19,"column":2}},"3":{"start":{"line":10,"column":60},"end":{"line":19,"column":2}},"4":{"start":{"line":20,"column":37},"end":{"line":23,"column":2}},"5":{"start":{"line":20,"column":67},"end":{"line":23,"column":2}},"6":{"start":{"line":26,"column":17},"end":{"line":31,"column":12}},"7":{"start":{"line":33,"column":2},"end":{"line":33,"column":null}}},"fnMap":{"0":{"name":"(anonymous_0)","decl":{"start":{"line":10,"column":30},"end":{"line":10,"column":56}},"loc":{"start":{"line":10,"column":60},"end":{"line":19,"column":2}}},"1":{"name":"(anonymous_1)","decl":{"start":{"line":20,"column":37},"end":{"line":20,"column":63}},"loc":{"start":{"line":20,"column":67},"end":{"line":23,"column":2}}},"2":{"name":"anonymousClient","decl":{"start":{"line":25,"column":16},"end":{"line":25,"column":31}},"loc":{"start":{"line":25,"column":31},"end":{"line":34,"column":1}}}},"branchMap":{},"s":{"0":0,"1":0,"2":0,"3":0,"4":0,"5":0,"6":0,"7":0},"f":{"0":0,"1":0,"2":0},"b":{}}
,"C:\\Users\\LC user\\Desktop\\Rs School Stage2\\RS-final\\src\\app\\api\\loginUser.ts": {"path":"C:\\Users\\LC user\\Desktop\\Rs School Stage2\\RS-final\\src\\app\\api\\loginUser.ts","statementMap":{"0":{"start":{"line":1,"column":0},"end":{"line":1,"column":55}},"1":{"start":{"line":8,"column":40},"end":{"line":23,"column":null}},"2":{"start":{"line":8,"column":53},"end":{"line":23,"column":null}},"3":{"start":{"line":9,"column":17},"end":{"line":9,"column":41}},"4":{"start":{"line":10,"column":2},"end":{"line":22,"column":3}},"5":{"start":{"line":13,"column":8},"end":{"line":17,"column":16}},"6":{"start":{"line":19,"column":4},"end":{"line":19,"column":null}},"7":{"start":{"line":21,"column":4},"end":{"line":21,"column":null}},"8":{"start":{"line":8,"column":13},"end":{"line":8,"column":40}}},"fnMap":{"0":{"name":"(anonymous_7)","decl":{"start":{"line":8,"column":40},"end":{"line":8,"column":46}},"loc":{"start":{"line":8,"column":53},"end":{"line":23,"column":null}}},"1":{"name":"(anonymous_8)","decl":{"start":{"line":8,"column":53},"end":{"line":8,"column":null}},"loc":{"start":{"line":8,"column":53},"end":{"line":23,"column":1}}}},"branchMap":{},"s":{"0":1,"1":1,"2":1,"3":1,"4":1,"5":1,"6":1,"7":0,"8":1},"f":{"0":1,"1":1},"b":{}}
,"C:\\Users\\LC user\\Desktop\\Rs School Stage2\\RS-final\\src\\app\\api\\refreshtoken.ts": {"path":"C:\\Users\\LC user\\Desktop\\Rs School Stage2\\RS-final\\src\\app\\api\\refreshtoken.ts","statementMap":{"0":{"start":{"line":24,"column":65},"end":{"line":37,"column":1}},"1":{"start":{"line":25,"column":2},"end":{"line":36,"column":null}},"2":{"start":{"line":39,"column":82},"end":{"line":46,"column":1}},"3":{"start":{"line":40,"column":17},"end":{"line":43,"column":12}},"4":{"start":{"line":45,"column":2},"end":{"line":45,"column":null}}},"fnMap":{"0":{"name":"(anonymous_0)","decl":{"start":{"line":24,"column":65},"end":{"line":24,"column":70}},"loc":{"start":{"line":24,"column":73},"end":{"line":37,"column":1}}},"1":{"name":"(anonymous_1)","decl":{"start":{"line":39,"column":82},"end":{"line":39,"column":87}},"loc":{"start":{"line":39,"column":90},"end":{"line":46,"column":1}}}},"branchMap":{},"s":{"0":0,"1":0,"2":0,"3":0,"4":0},"f":{"0":0,"1":0},"b":{}}
,"C:\\Users\\LC user\\Desktop\\Rs School Stage2\\RS-final\\src\\app\\api\\registration.ts": {"path":"C:\\Users\\LC user\\Desktop\\Rs School Stage2\\RS-final\\src\\app\\api\\registration.ts","statementMap":{"0":{"start":{"line":10,"column":50},"end":{"line":24,"column":null}},"1":{"start":{"line":10,"column":63},"end":{"line":24,"column":null}},"2":{"start":{"line":11,"column":19},"end":{"line":11,"column":51}},"3":{"start":{"line":12,"column":17},"end":{"line":12,"column":34}},"4":{"start":{"line":13,"column":2},"end":{"line":23,"column":3}},"5":{"start":{"line":14,"column":4},"end":{"line":14,"column":null}},"6":{"start":{"line":15,"column":32},"end":{"line":15,"column":40}},"7":{"start":{"line":16,"column":20},"end":{"line":16,"column":49}},"8":{"start":{"line":18,"column":21},"end":{"line":18,"column":113}},"9":{"start":{"line":20,"column":4},"end":{"line":20,"column":null}},"10":{"start":{"line":22,"column":4},"end":{"line":22,"column":null}}},"fnMap":{"0":{"name":"(anonymous_7)","decl":{"start":{"line":10,"column":50},"end":{"line":10,"column":56}},"loc":{"start":{"line":10,"column":63},"end":{"line":24,"column":null}}},"1":{"name":"(anonymous_8)","decl":{"start":{"line":10,"column":63},"end":{"line":10,"column":null}},"loc":{"start":{"line":10,"column":63},"end":{"line":24,"column":1}}}},"branchMap":{},"s":{"0":0,"1":0,"2":0,"3":0,"4":0,"5":0,"6":0,"7":0,"8":0,"9":0,"10":0},"f":{"0":0,"1":0},"b":{}}
,"C:\\Users\\LC user\\Desktop\\Rs School Stage2\\RS-final\\src\\app\\api\\withPasswordFlow.ts": {"path":"C:\\Users\\LC user\\Desktop\\Rs School Stage2\\RS-final\\src\\app\\api\\withPasswordFlow.ts","statementMap":{"0":{"start":{"line":28,"column":34},"end":{"line":39,"column":2}},"1":{"start":{"line":28,"column":93},"end":{"line":39,"column":2}},"2":{"start":{"line":42,"column":17},"end":{"line":45,"column":12}},"3":{"start":{"line":47,"column":2},"end":{"line":47,"column":null}}},"fnMap":{"0":{"name":"(anonymous_0)","decl":{"start":{"line":28,"column":34},"end":{"line":28,"column":35}},"loc":{"start":{"line":28,"column":93},"end":{"line":39,"column":2}}},"1":{"name":"passwordFlowClient","decl":{"start":{"line":41,"column":16},"end":{"line":41,"column":34}},"loc":{"start":{"line":41,"column":56},"end":{"line":48,"column":1}}}},"branchMap":{},"s":{"0":0,"1":0,"2":0,"3":0},"f":{"0":0,"1":0},"b":{}}
,"C:\\Users\\LC user\\Desktop\\Rs School Stage2\\RS-final\\src\\app\\components\\Footer.tsx": {"path":"C:\\Users\\LC user\\Desktop\\Rs School Stage2\\RS-final\\src\\app\\components\\Footer.tsx","statementMap":{"0":{"start":{"line":3,"column":26},"end":{"line":30,"column":1}},"1":{"start":{"line":4,"column":2},"end":{"line":29,"column":null}}},"fnMap":{"0":{"name":"(anonymous_0)","decl":{"start":{"line":3,"column":26},"end":{"line":3,"column":29}},"loc":{"start":{"line":3,"column":31},"end":{"line":30,"column":1}}}},"branchMap":{},"s":{"0":0,"1":0},"f":{"0":0},"b":{}}
,"C:\\Users\\LC user\\Desktop\\Rs School Stage2\\RS-final\\src\\app\\components\\Link.tsx": {"path":"C:\\Users\\LC user\\Desktop\\Rs School Stage2\\RS-final\\src\\app\\components\\Link.tsx","statementMap":{"0":{"start":{"line":10,"column":28},"end":{"line":16,"column":1}},"1":{"start":{"line":11,"column":2},"end":{"line":15,"column":null}}},"fnMap":{"0":{"name":"(anonymous_0)","decl":{"start":{"line":10,"column":28},"end":{"line":10,"column":29}},"loc":{"start":{"line":10,"column":51},"end":{"line":16,"column":1}}}},"branchMap":{},"s":{"0":0,"1":0},"f":{"0":0},"b":{}}
,"C:\\Users\\LC user\\Desktop\\Rs School Stage2\\RS-final\\src\\app\\components\\Form\\Form.tsx": {"path":"C:\\Users\\LC user\\Desktop\\Rs School Stage2\\RS-final\\src\\app\\components\\Form\\Form.tsx","statementMap":{"0":{"start":{"line":23,"column":25},"end":{"line":79,"column":1}},"1":{"start":{"line":24,"column":42},"end":{"line":24,"column":57}},"2":{"start":{"line":30,"column":6},"end":{"line":30,"column":35}},"3":{"start":{"line":31,"column":19},"end":{"line":36,"column":3}},"4":{"start":{"line":32,"column":21},"end":{"line":33,"column":null}},"5":{"start":{"line":33,"column":50},"end":{"line":33,"column":112}},"6":{"start":{"line":35,"column":4},"end":{"line":35,"column":null}},"7":{"start":{"line":38,"column":2},"end":{"line":78,"column":null}},"8":{"start":{"line":41,"column":8},"end":{"line":41,"column":null}}},"fnMap":{"0":{"name":"(anonymous_0)","decl":{"start":{"line":23,"column":25},"end":{"line":23,"column":26}},"loc":{"start":{"line":23,"column":103},"end":{"line":79,"column":1}}},"1":{"name":"(anonymous_1)","decl":{"start":{"line":31,"column":19},"end":{"line":31,"column":20}},"loc":{"start":{"line":31,"column":58},"end":{"line":36,"column":3}}},"2":{"name":"(anonymous_2)","decl":{"start":{"line":33,"column":31},"end":{"line":33,"column":32}},"loc":{"start":{"line":33,"column":50},"end":{"line":33,"column":112}}},"3":{"name":"(anonymous_3)","decl":{"start":{"line":40,"column":18},"end":{"line":40,"column":23}},"loc":{"start":{"line":41,"column":8},"end":{"line":41,"column":null}}}},"branchMap":{"0":{"loc":{"start":{"line":33,"column":50},"end":{"line":33,"column":112}},"type":"cond-expr","locations":[{"start":{"line":33,"column":78},"end":{"line":33,"column":97}},{"start":{"line":33,"column":100},"end":{"line":33,"column":112}}]},"1":{"loc":{"start":{"line":45,"column":77},"end":{"line":45,"column":137}},"type":"cond-expr","locations":[{"start":{"line":45,"column":98},"end":{"line":45,"column":116}},{"start":{"line":45,"column":119},"end":{"line":45,"column":137}}]},"2":{"loc":{"start":{"line":46,"column":20},"end":{"line":46,"column":117}},"type":"cond-expr","locations":[{"start":{"line":46,"column":65},"end":{"line":46,"column":75}},{"start":{"line":46,"column":78},"end":{"line":46,"column":117}}]},"3":{"loc":{"start":{"line":46,"column":20},"end":{"line":46,"column":62}},"type":"binary-expr","locations":[{"start":{"line":46,"column":20},"end":{"line":46,"column":45}},{"start":{"line":46,"column":49},"end":{"line":46,"column":62}}]},"4":{"loc":{"start":{"line":46,"column":78},"end":{"line":46,"column":117}},"type":"cond-expr","locations":[{"start":{"line":46,"column":102},"end":{"line":46,"column":108}},{"start":{"line":46,"column":111},"end":{"line":46,"column":117}}]},"5":{"loc":{"start":{"line":47,"column":27},"end":{"line":47,"column":81}},"type":"cond-expr","locations":[{"start":{"line":47,"column":55},"end":{"line":47,"column":68}},{"start":{"line":47,"column":71},"end":{"line":47,"column":81}}]},"6":{"loc":{"start":{"line":49,"column":13},"end":{"line":51,"column":20}},"type":"cond-expr","locations":[{"start":{"line":50,"column":14},"end":{"line":50,"column":109}},{"start":{"line":51,"column":16},"end":{"line":51,"column":20}}]},"7":{"loc":{"start":{"line":53,"column":11},"end":{"line":55,"column":18}},"type":"cond-expr","locations":[{"start":{"line":54,"column":12},"end":{"line":54,"column":107}},{"start":{"line":55,"column":14},"end":{"line":55,"column":18}}]},"8":{"loc":{"start":{"line":58,"column":7},"end":{"line":67,"column":null}},"type":"cond-expr","locations":[{"start":{"line":59,"column":8},"end":{"line":64,"column":null}},{"start":{"line":67,"column":8},"end":{"line":67,"column":10}}]},"9":{"loc":{"start":{"line":72,"column":7},"end":{"line":76,"column":14}},"type":"cond-expr","locations":[{"start":{"line":73,"column":8},"end":{"line":73,"column":null}},{"start":{"line":76,"column":10},"end":{"line":76,"column":14}}]}},"s":{"0":0,"1":0,"2":0,"3":0,"4":0,"5":0,"6":0,"7":0,"8":0},"f":{"0":0,"1":0,"2":0,"3":0},"b":{"0":[0,0],"1":[0,0],"2":[0,0],"3":[0,0],"4":[0,0],"5":[0,0],"6":[0,0],"7":[0,0],"8":[0,0],"9":[0,0]}}
,"C:\\Users\\LC user\\Desktop\\Rs School Stage2\\RS-final\\src\\app\\components\\Form\\PasswordVisible.tsx": {"path":"C:\\Users\\LC user\\Desktop\\Rs School Stage2\\RS-final\\src\\app\\components\\Form\\PasswordVisible.tsx","statementMap":{"0":{"start":{"line":11,"column":51},"end":{"line":21,"column":1}},"1":{"start":{"line":12,"column":29},"end":{"line":14,"column":3}},"2":{"start":{"line":13,"column":4},"end":{"line":13,"column":null}},"3":{"start":{"line":16,"column":2},"end":{"line":20,"column":null}}},"fnMap":{"0":{"name":"(anonymous_0)","decl":{"start":{"line":11,"column":51},"end":{"line":11,"column":52}},"loc":{"start":{"line":11,"column":87},"end":{"line":21,"column":1}}},"1":{"name":"(anonymous_1)","decl":{"start":{"line":12,"column":29},"end":{"line":12,"column":38}},"loc":{"start":{"line":12,"column":40},"end":{"line":14,"column":3}}}},"branchMap":{"0":{"loc":{"start":{"line":18,"column":7},"end":{"line":18,"column":50}},"type":"cond-expr","locations":[{"start":{"line":18,"column":20},"end":{"line":18,"column":36}},{"start":{"line":18,"column":39},"end":{"line":18,"column":50}}]}},"s":{"0":0,"1":0,"2":0,"3":0},"f":{"0":0,"1":0},"b":{"0":[0,0]}}
,"C:\\Users\\LC user\\Desktop\\Rs School Stage2\\RS-final\\src\\app\\components\\Form\\additionFields\\AdditionalFields.tsx": {"path":"C:\\Users\\LC user\\Desktop\\Rs School Stage2\\RS-final\\src\\app\\components\\Form\\additionFields\\AdditionalFields.tsx","statementMap":{"0":{"start":{"line":24,"column":60},"end":{"line":105,"column":1}},"1":{"start":{"line":31,"column":32},"end":{"line":31,"column":55}},"2":{"start":{"line":32,"column":32},"end":{"line":34,"column":3}},"3":{"start":{"line":33,"column":4},"end":{"line":33,"column":null}},"4":{"start":{"line":36,"column":2},"end":{"line":104,"column":null}},"5":{"start":{"line":41,"column":10},"end":{"line":41,"column":null}},"6":{"start":{"line":64,"column":12},"end":{"line":71,"column":null}},"7":{"start":{"line":83,"column":14},"end":{"line":83,"column":null}}},"fnMap":{"0":{"name":"(anonymous_0)","decl":{"start":{"line":24,"column":60},"end":{"line":24,"column":61}},"loc":{"start":{"line":30,"column":5},"end":{"line":105,"column":1}}},"1":{"name":"(anonymous_1)","decl":{"start":{"line":32,"column":32},"end":{"line":32,"column":35}},"loc":{"start":{"line":32,"column":37},"end":{"line":34,"column":3}}},"2":{"name":"(anonymous_2)","decl":{"start":{"line":40,"column":29},"end":{"line":40,"column":42}},"loc":{"start":{"line":41,"column":10},"end":{"line":41,"column":null}}},"3":{"name":"(anonymous_3)","decl":{"start":{"line":63,"column":18},"end":{"line":63,"column":19}},"loc":{"start":{"line":64,"column":12},"end":{"line":71,"column":null}}},"4":{"name":"(anonymous_4)","decl":{"start":{"line":82,"column":32},"end":{"line":82,"column":44}},"loc":{"start":{"line":83,"column":14},"end":{"line":83,"column":null}}}},"branchMap":{"0":{"loc":{"start":{"line":40,"column":9},"end":{"line":56,"column":10}},"type":"cond-expr","locations":[{"start":{"line":40,"column":23},"end":{"line":40,"column":25}},{"start":{"line":40,"column":9},"end":{"line":56,"column":10}}]},"1":{"loc":{"start":{"line":40,"column":9},"end":{"line":40,"column":25}},"type":"binary-expr","locations":[{"start":{"line":40,"column":9},"end":{"line":40,"column":25}},{"start":{"line":40,"column":9},"end":{"line":40,"column":25}}]},"2":{"loc":{"start":{"line":45,"column":79},"end":{"line":45,"column":147}},"type":"cond-expr","locations":[{"start":{"line":45,"column":108},"end":{"line":45,"column":126}},{"start":{"line":45,"column":129},"end":{"line":45,"column":147}}]},"3":{"loc":{"start":{"line":52,"column":13},"end":{"line":54,"column":20}},"type":"cond-expr","locations":[{"start":{"line":53,"column":14},"end":{"line":53,"column":117}},{"start":{"line":54,"column":16},"end":{"line":54,"column":20}}]},"4":{"loc":{"start":{"line":69,"column":32},"end":{"line":69,"column":90}},"type":"cond-expr","locations":[{"start":{"line":69,"column":67},"end":{"line":69,"column":78}},{"start":{"line":69,"column":81},"end":{"line":69,"column":90}}]},"5":{"loc":{"start":{"line":78,"column":7},"end":{"line":100,"column":null}},"type":"cond-expr","locations":[{"start":{"line":78,"column":17},"end":{"line":78,"column":21}},{"start":{"line":79,"column":8},"end":{"line":99,"column":null}}]},"6":{"loc":{"start":{"line":82,"column":13},"end":{"line":98,"column":14}},"type":"cond-expr","locations":[{"start":{"line":82,"column":26},"end":{"line":82,"column":28}},{"start":{"line":82,"column":13},"end":{"line":98,"column":14}}]},"7":{"loc":{"start":{"line":82,"column":13},"end":{"line":82,"column":28}},"type":"binary-expr","locations":[{"start":{"line":82,"column":13},"end":{"line":82,"column":28}},{"start":{"line":82,"column":13},"end":{"line":82,"column":28}}]},"8":{"loc":{"start":{"line":87,"column":83},"end":{"line":87,"column":150}},"type":"cond-expr","locations":[{"start":{"line":87,"column":111},"end":{"line":87,"column":129}},{"start":{"line":87,"column":132},"end":{"line":87,"column":150}}]},"9":{"loc":{"start":{"line":92,"column":17},"end":{"line":96,"column":24}},"type":"cond-expr","locations":[{"start":{"line":93,"column":18},"end":{"line":94,"column":null}},{"start":{"line":96,"column":20},"end":{"line":96,"column":24}}]}},"s":{"0":0,"1":0,"2":0,"3":0,"4":0,"5":0,"6":0,"7":0},"f":{"0":0,"1":0,"2":0,"3":0,"4":0},"b":{"0":[0,0],"1":[0,0],"2":[0,0],"3":[0,0],"4":[0,0],"5":[0,0],"6":[0,0],"7":[0,0],"8":[0,0],"9":[0,0]}}
,"C:\\Users\\LC user\\Desktop\\Rs School Stage2\\RS-final\\src\\app\\components\\Form\\additionFields\\DefaultAdress.tsx": {"path":"C:\\Users\\LC user\\Desktop\\Rs School Stage2\\RS-final\\src\\app\\components\\Form\\additionFields\\DefaultAdress.tsx","statementMap":{"0":{"start":{"line":11,"column":56},"end":{"line":54,"column":1}},"1":{"start":{"line":12,"column":2},"end":{"line":53,"column":null}},"2":{"start":{"line":20,"column":12},"end":{"line":26,"column":null}},"3":{"start":{"line":39,"column":14},"end":{"line":45,"column":null}}},"fnMap":{"0":{"name":"(anonymous_0)","decl":{"start":{"line":11,"column":56},"end":{"line":11,"column":57}},"loc":{"start":{"line":11,"column":84},"end":{"line":54,"column":1}}},"1":{"name":"(anonymous_1)","decl":{"start":{"line":19,"column":18},"end":{"line":19,"column":19}},"loc":{"start":{"line":20,"column":12},"end":{"line":26,"column":null}}},"2":{"name":"(anonymous_2)","decl":{"start":{"line":38,"column":20},"end":{"line":38,"column":21}},"loc":{"start":{"line":39,"column":14},"end":{"line":45,"column":null}}}},"branchMap":{"0":{"loc":{"start":{"line":24,"column":32},"end":{"line":24,"column":90}},"type":"cond-expr","locations":[{"start":{"line":24,"column":67},"end":{"line":24,"column":78}},{"start":{"line":24,"column":81},"end":{"line":24,"column":90}}]},"1":{"loc":{"start":{"line":32,"column":7},"end":{"line":51,"column":14}},"type":"cond-expr","locations":[{"start":{"line":33,"column":8},"end":{"line":49,"column":null}},{"start":{"line":51,"column":10},"end":{"line":51,"column":14}}]},"2":{"loc":{"start":{"line":43,"column":34},"end":{"line":43,"column":92}},"type":"cond-expr","locations":[{"start":{"line":43,"column":69},"end":{"line":43,"column":80}},{"start":{"line":43,"column":83},"end":{"line":43,"column":92}}]}},"s":{"0":0,"1":0,"2":0,"3":0},"f":{"0":0,"1":0,"2":0},"b":{"0":[0,0],"1":[0,0],"2":[0,0]}}
,"C:\\Users\\LC user\\Desktop\\Rs School Stage2\\RS-final\\src\\app\\components\\Header\\Header.tsx": {"path":"C:\\Users\\LC user\\Desktop\\Rs School Stage2\\RS-final\\src\\app\\components\\Header\\Header.tsx","statementMap":{"0":{"start":{"line":11,"column":26},"end":{"line":103,"column":1}},"1":{"start":{"line":12,"column":44},"end":{"line":12,"column":63}},"2":{"start":{"line":13,"column":36},"end":{"line":13,"column":51}},"3":{"start":{"line":14,"column":38},"end":{"line":14,"column":53}},"4":{"start":{"line":16,"column":2},"end":{"line":30,"column":null}},"5":{"start":{"line":17,"column":18},"end":{"line":17,"column":58}},"6":{"start":{"line":18,"column":4},"end":{"line":20,"column":5}},"7":{"start":{"line":19,"column":6},"end":{"line":19,"column":null}},"8":{"start":{"line":22,"column":26},"end":{"line":22,"column":48}},"9":{"start":{"line":23,"column":6},"end":{"line":23,"column":null}},"10":{"start":{"line":26,"column":4},"end":{"line":26,"column":null}},"11":{"start":{"line":27,"column":4},"end":{"line":29,"column":null}},"12":{"start":{"line":28,"column":6},"end":{"line":28,"column":null}},"13":{"start":{"line":32,"column":34},"end":{"line":35,"column":3}},"14":{"start":{"line":33,"column":4},"end":{"line":33,"column":null}},"15":{"start":{"line":34,"column":4},"end":{"line":34,"column":null}},"16":{"start":{"line":37,"column":39},"end":{"line":39,"column":3}},"17":{"start":{"line":38,"column":4},"end":{"line":38,"column":null}},"18":{"start":{"line":41,"column":38},"end":{"line":43,"column":3}},"19":{"start":{"line":42,"column":4},"end":{"line":42,"column":null}},"20":{"start":{"line":45,"column":2},"end":{"line":102,"column":null}}},"fnMap":{"0":{"name":"(anonymous_0)","decl":{"start":{"line":11,"column":26},"end":{"line":11,"column":29}},"loc":{"start":{"line":11,"column":31},"end":{"line":103,"column":1}}},"1":{"name":"(anonymous_1)","decl":{"start":{"line":16,"column":12},"end":{"line":16,"column":15}},"loc":{"start":{"line":16,"column":17},"end":{"line":30,"column":3}}},"2":{"name":"handleScroll","decl":{"start":{"line":21,"column":13},"end":{"line":21,"column":25}},"loc":{"start":{"line":21,"column":25},"end":{"line":24,"column":5}}},"3":{"name":"(anonymous_3)","decl":{"start":{"line":27,"column":11},"end":{"line":27,"column":14}},"loc":{"start":{"line":27,"column":16},"end":{"line":29,"column":5}}},"4":{"name":"(anonymous_4)","decl":{"start":{"line":32,"column":34},"end":{"line":32,"column":37}},"loc":{"start":{"line":32,"column":39},"end":{"line":35,"column":3}}},"5":{"name":"(anonymous_5)","decl":{"start":{"line":37,"column":39},"end":{"line":37,"column":42}},"loc":{"start":{"line":37,"column":44},"end":{"line":39,"column":3}}},"6":{"name":"(anonymous_6)","decl":{"start":{"line":41,"column":38},"end":{"line":41,"column":41}},"loc":{"start":{"line":41,"column":43},"end":{"line":43,"column":3}}}},"branchMap":{"0":{"loc":{"start":{"line":18,"column":4},"end":{"line":20,"column":5}},"type":"if","locations":[{"start":{"line":18,"column":4},"end":{"line":20,"column":5}}]},"1":{"loc":{"start":{"line":47,"column":48},"end":{"line":47,"column":89}},"type":"cond-expr","locations":[{"start":{"line":47,"column":60},"end":{"line":47,"column":70}},{"start":{"line":47,"column":73},"end":{"line":47,"column":89}}]},"2":{"loc":{"start":{"line":52,"column":90},"end":{"line":52,"column":121}},"type":"cond-expr","locations":[{"start":{"line":52,"column":103},"end":{"line":52,"column":110}},{"start":{"line":52,"column":113},"end":{"line":52,"column":121}}]},"3":{"loc":{"start":{"line":82,"column":11},"end":{"line":94,"column":null}},"type":"cond-expr","locations":[{"start":{"line":83,"column":12},"end":{"line":83,"column":null}},{"start":{"line":87,"column":12},"end":{"line":93,"column":null}}]}},"s":{"0":0,"1":0,"2":0,"3":0,"4":0,"5":0,"6":0,"7":0,"8":0,"9":0,"10":0,"11":0,"12":0,"13":0,"14":0,"15":0,"16":0,"17":0,"18":0,"19":0,"20":0},"f":{"0":0,"1":0,"2":0,"3":0,"4":0,"5":0,"6":0},"b":{"0":[0],"1":[0,0],"2":[0,0],"3":[0,0]}}
,"C:\\Users\\LC user\\Desktop\\Rs School Stage2\\RS-final\\src\\app\\components\\Header\\HeaderBurger.tsx": {"path":"C:\\Users\\LC user\\Desktop\\Rs School Stage2\\RS-final\\src\\app\\components\\Header\\HeaderBurger.tsx","statementMap":{"0":{"start":{"line":7,"column":57},"end":{"line":18,"column":1}},"1":{"start":{"line":8,"column":2},"end":{"line":17,"column":null}}},"fnMap":{"0":{"name":"(anonymous_0)","decl":{"start":{"line":7,"column":57},"end":{"line":7,"column":58}},"loc":{"start":{"line":7,"column":73},"end":{"line":18,"column":1}}}},"branchMap":{},"s":{"0":0,"1":0},"f":{"0":0},"b":{}}
,"C:\\Users\\LC user\\Desktop\\Rs School Stage2\\RS-final\\src\\app\\components\\Header\\HeaderLinks.tsx": {"path":"C:\\Users\\LC user\\Desktop\\Rs School Stage2\\RS-final\\src\\app\\components\\Header\\HeaderLinks.tsx","statementMap":{"0":{"start":{"line":5,"column":37},"end":{"line":22,"column":1}},"1":{"start":{"line":6,"column":2},"end":{"line":21,"column":null}}},"fnMap":{"0":{"name":"(anonymous_0)","decl":{"start":{"line":5,"column":37},"end":{"line":5,"column":40}},"loc":{"start":{"line":5,"column":42},"end":{"line":22,"column":1}}}},"branchMap":{},"s":{"0":0,"1":0},"f":{"0":0},"b":{}}
,"C:\\Users\\LC user\\Desktop\\Rs School Stage2\\RS-final\\src\\app\\components\\modal\\Modal.tsx": {"path":"C:\\Users\\LC user\\Desktop\\Rs School Stage2\\RS-final\\src\\app\\components\\modal\\Modal.tsx","statementMap":{"0":{"start":{"line":6,"column":44},"end":{"line":18,"column":1}},"1":{"start":{"line":7,"column":2},"end":{"line":17,"column":null}}},"fnMap":{"0":{"name":"(anonymous_0)","decl":{"start":{"line":6,"column":44},"end":{"line":6,"column":45}},"loc":{"start":{"line":6,"column":73},"end":{"line":18,"column":1}}}},"branchMap":{"0":{"loc":{"start":{"line":9,"column":20},"end":{"line":9,"column":49}},"type":"cond-expr","locations":[{"start":{"line":9,"column":32},"end":{"line":9,"column":38}},{"start":{"line":9,"column":41},"end":{"line":9,"column":49}}]}},"s":{"0":0,"1":0},"f":{"0":0},"b":{"0":[0,0]}}
,"C:\\Users\\LC user\\Desktop\\Rs School Stage2\\RS-final\\src\\app\\components\\shared\\BaseButton\\BaseButton.tsx": {"path":"C:\\Users\\LC user\\Desktop\\Rs School Stage2\\RS-final\\src\\app\\components\\shared\\BaseButton\\BaseButton.tsx","statementMap":{"0":{"start":{"line":10,"column":42},"end":{"line":28,"column":1}},"1":{"start":{"line":10,"column":80},"end":{"line":10,"column":85}},"2":{"start":{"line":10,"column":90},"end":{"line":10,"column":94}},"3":{"start":{"line":11,"column":47},"end":{"line":18,"column":null}},"4":{"start":{"line":20,"column":28},"end":{"line":20,"column":58}},"5":{"start":{"line":22,"column":2},"end":{"line":27,"column":null}},"6":{"start":{"line":30,"column":0},"end":{"line":30,"column":null}}},"fnMap":{"0":{"name":"(anonymous_1)","decl":{"start":{"line":10,"column":42},"end":{"line":10,"column":43}},"loc":{"start":{"line":10,"column":96},"end":{"line":28,"column":1}}}},"branchMap":{"0":{"loc":{"start":{"line":10,"column":55},"end":{"line":10,"column":74}},"type":"default-arg","locations":[{"start":{"line":10,"column":65},"end":{"line":10,"column":74}}]},"1":{"loc":{"start":{"line":24,"column":7},"end":{"line":24,"column":61}},"type":"cond-expr","locations":[{"start":{"line":24,"column":14},"end":{"line":24,"column":54}},{"start":{"line":24,"column":57},"end":{"line":24,"column":61}}]}},"s":{"0":1,"1":1,"2":1,"3":1,"4":1,"5":1,"6":1},"f":{"0":1},"b":{"0":[0],"1":[0,1]}}
,"C:\\Users\\LC user\\Desktop\\Rs School Stage2\\RS-final\\src\\app\\components\\shared\\icons\\EyeIcon.tsx": {"path":"C:\\Users\\LC user\\Desktop\\Rs School Stage2\\RS-final\\src\\app\\components\\shared\\icons\\EyeIcon.tsx","statementMap":{"0":{"start":{"line":3,"column":26},"end":{"line":21,"column":1}},"1":{"start":{"line":4,"column":2},"end":{"line":20,"column":null}}},"fnMap":{"0":{"name":"(anonymous_0)","decl":{"start":{"line":3,"column":26},"end":{"line":3,"column":29}},"loc":{"start":{"line":3,"column":31},"end":{"line":21,"column":1}}}},"branchMap":{},"s":{"0":0,"1":0},"f":{"0":0},"b":{}}
,"C:\\Users\\LC user\\Desktop\\Rs School Stage2\\RS-final\\src\\app\\components\\shared\\icons\\EyeSlashIcon.tsx": {"path":"C:\\Users\\LC user\\Desktop\\Rs School Stage2\\RS-final\\src\\app\\components\\shared\\icons\\EyeSlashIcon.tsx","statementMap":{"0":{"start":{"line":3,"column":31},"end":{"line":20,"column":1}},"1":{"start":{"line":4,"column":2},"end":{"line":19,"column":null}}},"fnMap":{"0":{"name":"(anonymous_0)","decl":{"start":{"line":3,"column":31},"end":{"line":3,"column":34}},"loc":{"start":{"line":3,"column":36},"end":{"line":20,"column":1}}}},"branchMap":{},"s":{"0":0,"1":0},"f":{"0":0},"b":{}}
,"C:\\Users\\LC user\\Desktop\\Rs School Stage2\\RS-final\\src\\app\\components\\shared\\icons\\TestIcon.tsx": {"path":"C:\\Users\\LC user\\Desktop\\Rs School Stage2\\RS-final\\src\\app\\components\\shared\\icons\\TestIcon.tsx","statementMap":{"0":{"start":{"line":3,"column":27},"end":{"line":37,"column":1}},"1":{"start":{"line":4,"column":2},"end":{"line":36,"column":null}}},"fnMap":{"0":{"name":"(anonymous_0)","decl":{"start":{"line":3,"column":27},"end":{"line":3,"column":30}},"loc":{"start":{"line":3,"column":32},"end":{"line":37,"column":1}}}},"branchMap":{},"s":{"0":0,"1":0},"f":{"0":0},"b":{}}
,"C:\\Users\\LC user\\Desktop\\Rs School Stage2\\RS-final\\src\\app\\pages\\Login-page\\Error-message-server-modal.tsx": {"path":"C:\\Users\\LC user\\Desktop\\Rs School Stage2\\RS-final\\src\\app\\pages\\Login-page\\Error-message-server-modal.tsx","statementMap":{"0":{"start":{"line":3,"column":0},"end":{"line":3,"column":64}},"1":{"start":{"line":12,"column":53},"end":{"line":30,"column":1}},"2":{"start":{"line":13,"column":28},"end":{"line":15,"column":3}},"3":{"start":{"line":14,"column":4},"end":{"line":14,"column":null}},"4":{"start":{"line":16,"column":2},"end":{"line":29,"column":null}},"5":{"start":{"line":12,"column":13},"end":{"line":12,"column":53}}},"fnMap":{"0":{"name":"(anonymous_1)","decl":{"start":{"line":12,"column":53},"end":{"line":12,"column":54}},"loc":{"start":{"line":12,"column":99},"end":{"line":30,"column":1}}},"1":{"name":"(anonymous_2)","decl":{"start":{"line":13,"column":28},"end":{"line":13,"column":37}},"loc":{"start":{"line":13,"column":39},"end":{"line":15,"column":3}}}},"branchMap":{"0":{"loc":{"start":{"line":18,"column":20},"end":{"line":18,"column":51}},"type":"cond-expr","locations":[{"start":{"line":18,"column":34},"end":{"line":18,"column":40}},{"start":{"line":18,"column":43},"end":{"line":18,"column":51}}]}},"s":{"0":1,"1":1,"2":1,"3":1,"4":1,"5":1},"f":{"0":1,"1":1},"b":{"0":[1,0]}}
,"C:\\Users\\LC user\\Desktop\\Rs School Stage2\\RS-final\\src\\app\\pages\\Login-page\\Login-page.tsx": {"path":"C:\\Users\\LC user\\Desktop\\Rs School Stage2\\RS-final\\src\\app\\pages\\Login-page\\Login-page.tsx","statementMap":{"0":{"start":{"line":22,"column":24},"end":{"line":25,"column":1}},"1":{"start":{"line":23,"column":42},"end":{"line":23,"column":62}},"2":{"start":{"line":24,"column":2},"end":{"line":24,"column":null}},"3":{"start":{"line":27,"column":35},"end":{"line":81,"column":1}},"4":{"start":{"line":28,"column":19},"end":{"line":28,"column":32}},"5":{"start":{"line":29,"column":2},"end":{"line":33,"column":null}},"6":{"start":{"line":30,"column":4},"end":{"line":32,"column":5}},"7":{"start":{"line":31,"column":6},"end":{"line":31,"column":null}},"8":{"start":{"line":35,"column":32},"end":{"line":35,"column":56}},"9":{"start":{"line":36,"column":42},"end":{"line":36,"column":59}},"10":{"start":{"line":37,"column":30},"end":{"line":37,"column":49}},"11":{"start":{"line":38,"column":33},"end":{"line":67,"column":3}},"12":{"start":{"line":39,"column":31},"end":{"line":39,"column":59}},"13":{"start":{"line":40,"column":39},"end":{"line":43,"column":null}},"14":{"start":{"line":45,"column":30},"end":{"line":47,"column":null}},"15":{"start":{"line":45,"column":60},"end":{"line":47,"column":null}},"16":{"start":{"line":46,"column":6},"end":{"line":46,"column":null}},"17":{"start":{"line":49,"column":4},"end":{"line":66,"column":null}},"18":{"start":{"line":51,"column":8},"end":{"line":51,"column":null}},"19":{"start":{"line":52,"column":33},"end":{"line":52,"column":48}},"20":{"start":{"line":53,"column":8},"end":{"line":56,"column":9}},"21":{"start":{"line":54,"column":10},"end":{"line":54,"column":null}},"22":{"start":{"line":55,"column":10},"end":{"line":55,"column":null}},"23":{"start":{"line":58,"column":8},"end":{"line":58,"column":null}},"24":{"start":{"line":61,"column":8},"end":{"line":65,"column":9}},"25":{"start":{"line":62,"column":30},"end":{"line":62,"column":33}},"26":{"start":{"line":63,"column":10},"end":{"line":63,"column":null}},"27":{"start":{"line":64,"column":10},"end":{"line":64,"column":null}},"28":{"start":{"line":69,"column":2},"end":{"line":80,"column":null}}},"fnMap":{"0":{"name":"(anonymous_7)","decl":{"start":{"line":22,"column":24},"end":{"line":22,"column":62}},"loc":{"start":{"line":22,"column":64},"end":{"line":25,"column":1}}},"1":{"name":"(anonymous_8)","decl":{"start":{"line":27,"column":35},"end":{"line":27,"column":38}},"loc":{"start":{"line":27,"column":40},"end":{"line":81,"column":1}}},"2":{"name":"(anonymous_9)","decl":{"start":{"line":29,"column":12},"end":{"line":29,"column":15}},"loc":{"start":{"line":29,"column":17},"end":{"line":33,"column":3}}},"3":{"name":"(anonymous_10)","decl":{"start":{"line":38,"column":33},"end":{"line":38,"column":37}},"loc":{"start":{"line":38,"column":40},"end":{"line":67,"column":3}}},"4":{"name":"(anonymous_11)","decl":{"start":{"line":45,"column":30},"end":{"line":45,"column":58}},"loc":{"start":{"line":45,"column":60},"end":{"line":47,"column":null}}},"5":{"name":"(anonymous_12)","decl":{"start":{"line":45,"column":60},"end":{"line":45,"column":null}},"loc":{"start":{"line":45,"column":60},"end":{"line":47,"column":5}}},"6":{"name":"(anonymous_13)","decl":{"start":{"line":50,"column":12},"end":{"line":50,"column":15}},"loc":{"start":{"line":50,"column":18},"end":{"line":59,"column":7}}},"7":{"name":"(anonymous_14)","decl":{"start":{"line":60,"column":13},"end":{"line":60,"column":16}},"loc":{"start":{"line":60,"column":19},"end":{"line":66,"column":7}}}},"branchMap":{"0":{"loc":{"start":{"line":30,"column":4},"end":{"line":32,"column":5}},"type":"if","locations":[{"start":{"line":30,"column":4},"end":{"line":32,"column":5}}]},"1":{"loc":{"start":{"line":53,"column":8},"end":{"line":56,"column":9}},"type":"if","locations":[{"start":{"line":53,"column":8},"end":{"line":56,"column":9}}]},"2":{"loc":{"start":{"line":61,"column":8},"end":{"line":65,"column":9}},"type":"if","locations":[{"start":{"line":61,"column":8},"end":{"line":65,"column":9}}]},"3":{"loc":{"start":{"line":75,"column":9},"end":{"line":75,"column":114}},"type":"cond-expr","locations":[{"start":{"line":75,"column":19},"end":{"line":75,"column":107}},{"start":{"line":75,"column":110},"end":{"line":75,"column":114}}]}},"s":{"0":0,"1":0,"2":0,"3":0,"4":0,"5":0,"6":0,"7":0,"8":0,"9":0,"10":0,"11":0,"12":0,"13":0,"14":0,"15":0,"16":0,"17":0,"18":0,"19":0,"20":0,"21":0,"22":0,"23":0,"24":0,"25":0,"26":0,"27":0,"28":0},"f":{"0":0,"1":0,"2":0,"3":0,"4":0,"5":0,"6":0,"7":0},"b":{"0":[0],"1":[0],"2":[0],"3":[0,0]}}
,"C:\\Users\\LC user\\Desktop\\Rs School Stage2\\RS-final\\src\\app\\pages\\Login-page\\login-Images.tsx": {"path":"C:\\Users\\LC user\\Desktop\\Rs School Stage2\\RS-final\\src\\app\\pages\\Login-page\\login-Images.tsx","statementMap":{"0":{"start":{"line":1,"column":37},"end":{"line":48,"column":1}},"1":{"start":{"line":2,"column":2},"end":{"line":47,"column":null}},"2":{"start":{"line":1,"column":13},"end":{"line":1,"column":37}}},"fnMap":{"0":{"name":"(anonymous_0)","decl":{"start":{"line":1,"column":37},"end":{"line":1,"column":40}},"loc":{"start":{"line":1,"column":42},"end":{"line":48,"column":1}}}},"branchMap":{},"s":{"0":1,"1":2,"2":1},"f":{"0":2},"b":{}}
,"C:\\Users\\LC user\\Desktop\\Rs School Stage2\\RS-final\\src\\app\\pages\\Login-page\\login-filds-data\\login-filds-data.ts": {"path":"C:\\Users\\LC user\\Desktop\\Rs School Stage2\\RS-final\\src\\app\\pages\\Login-page\\login-filds-data\\login-filds-data.ts","statementMap":{"0":{"start":{"line":3,"column":33},"end":{"line":25,"column":null}}},"fnMap":{},"branchMap":{},"s":{"0":0},"f":{},"b":{}}
,"C:\\Users\\LC user\\Desktop\\Rs School Stage2\\RS-final\\src\\app\\pages\\Main-page\\Main-page.tsx": {"path":"C:\\Users\\LC user\\Desktop\\Rs School Stage2\\RS-final\\src\\app\\pages\\Main-page\\Main-page.tsx","statementMap":{"0":{"start":{"line":7,"column":34},"end":{"line":79,"column":1}},"1":{"start":{"line":8,"column":2},"end":{"line":78,"column":null}}},"fnMap":{"0":{"name":"(anonymous_0)","decl":{"start":{"line":7,"column":34},"end":{"line":7,"column":37}},"loc":{"start":{"line":7,"column":39},"end":{"line":79,"column":1}}}},"branchMap":{},"s":{"0":0,"1":0},"f":{"0":0},"b":{}}
,"C:\\Users\\LC user\\Desktop\\Rs School Stage2\\RS-final\\src\\app\\pages\\Main-page\\Orders.tsx": {"path":"C:\\Users\\LC user\\Desktop\\Rs School Stage2\\RS-final\\src\\app\\pages\\Main-page\\Orders.tsx","statementMap":{"0":{"start":{"line":8,"column":38},"end":{"line":21,"column":1}},"1":{"start":{"line":9,"column":2},"end":{"line":20,"column":null}},"2":{"start":{"line":14,"column":10},"end":{"line":14,"column":26}}},"fnMap":{"0":{"name":"(anonymous_0)","decl":{"start":{"line":8,"column":38},"end":{"line":8,"column":39}},"loc":{"start":{"line":8,"column":58},"end":{"line":21,"column":1}}},"1":{"name":"(anonymous_1)","decl":{"start":{"line":13,"column":18},"end":{"line":13,"column":19}},"loc":{"start":{"line":14,"column":10},"end":{"line":14,"column":26}}}},"branchMap":{},"s":{"0":0,"1":0,"2":0},"f":{"0":0,"1":0},"b":{}}
,"C:\\Users\\LC user\\Desktop\\Rs School Stage2\\RS-final\\src\\app\\pages\\NotFound-page\\NotFound-page.tsx": {"path":"C:\\Users\\LC user\\Desktop\\Rs School Stage2\\RS-final\\src\\app\\pages\\NotFound-page\\NotFound-page.tsx","statementMap":{"0":{"start":{"line":3,"column":38},"end":{"line":35,"column":1}},"1":{"start":{"line":4,"column":2},"end":{"line":34,"column":null}}},"fnMap":{"0":{"name":"(anonymous_0)","decl":{"start":{"line":3,"column":38},"end":{"line":3,"column":41}},"loc":{"start":{"line":3,"column":43},"end":{"line":35,"column":1}}}},"branchMap":{},"s":{"0":0,"1":0},"f":{"0":0},"b":{}}
,"C:\\Users\\LC user\\Desktop\\Rs School Stage2\\RS-final\\src\\app\\pages\\Registration-page\\Registration-images.tsx": {"path":"C:\\Users\\LC user\\Desktop\\Rs School Stage2\\RS-final\\src\\app\\pages\\Registration-page\\Registration-images.tsx","statementMap":{"0":{"start":{"line":1,"column":44},"end":{"line":32,"column":1}},"1":{"start":{"line":2,"column":2},"end":{"line":31,"column":null}},"2":{"start":{"line":1,"column":13},"end":{"line":1,"column":44}}},"fnMap":{"0":{"name":"(anonymous_0)","decl":{"start":{"line":1,"column":44},"end":{"line":1,"column":47}},"loc":{"start":{"line":1,"column":49},"end":{"line":32,"column":1}}}},"branchMap":{},"s":{"0":1,"1":2,"2":1},"f":{"0":2},"b":{}}
,"C:\\Users\\LC user\\Desktop\\Rs School Stage2\\RS-final\\src\\app\\pages\\Registration-page\\Registration-page.tsx": {"path":"C:\\Users\\LC user\\Desktop\\Rs School Stage2\\RS-final\\src\\app\\pages\\Registration-page\\Registration-page.tsx","statementMap":{"0":{"start":{"line":17,"column":42},"end":{"line":72,"column":1}},"1":{"start":{"line":18,"column":19},"end":{"line":18,"column":32}},"2":{"start":{"line":19,"column":30},"end":{"line":19,"column":49}},"3":{"start":{"line":21,"column":2},"end":{"line":25,"column":null}},"4":{"start":{"line":22,"column":4},"end":{"line":24,"column":5}},"5":{"start":{"line":23,"column":6},"end":{"line":23,"column":null}},"6":{"start":{"line":27,"column":42},"end":{"line":27,"column":62}},"7":{"start":{"line":28,"column":42},"end":{"line":28,"column":62}},"8":{"start":{"line":29,"column":32},"end":{"line":29,"column":56}},"9":{"start":{"line":30,"column":42},"end":{"line":30,"column":66}},"10":{"start":{"line":32,"column":33},"end":{"line":50,"column":3}},"11":{"start":{"line":33,"column":4},"end":{"line":49,"column":null}},"12":{"start":{"line":35,"column":8},"end":{"line":35,"column":null}},"13":{"start":{"line":36,"column":8},"end":{"line":36,"column":null}},"14":{"start":{"line":37,"column":8},"end":{"line":40,"column":null}},"15":{"start":{"line":38,"column":10},"end":{"line":38,"column":null}},"16":{"start":{"line":39,"column":10},"end":{"line":39,"column":null}},"17":{"start":{"line":41,"column":22},"end":{"line":41,"column":50}},"18":{"start":{"line":42,"column":8},"end":{"line":42,"column":null}},"19":{"start":{"line":43,"column":8},"end":{"line":43,"column":null}},"20":{"start":{"line":46,"column":8},"end":{"line":48,"column":9}},"21":{"start":{"line":47,"column":10},"end":{"line":47,"column":null}},"22":{"start":{"line":52,"column":2},"end":{"line":71,"column":null}}},"fnMap":{"0":{"name":"(anonymous_0)","decl":{"start":{"line":17,"column":42},"end":{"line":17,"column":45}},"loc":{"start":{"line":17,"column":47},"end":{"line":72,"column":1}}},"1":{"name":"(anonymous_1)","decl":{"start":{"line":21,"column":12},"end":{"line":21,"column":15}},"loc":{"start":{"line":21,"column":17},"end":{"line":25,"column":3}}},"2":{"name":"(anonymous_2)","decl":{"start":{"line":32,"column":33},"end":{"line":32,"column":37}},"loc":{"start":{"line":32,"column":40},"end":{"line":50,"column":3}}},"3":{"name":"(anonymous_3)","decl":{"start":{"line":34,"column":12},"end":{"line":34,"column":15}},"loc":{"start":{"line":34,"column":17},"end":{"line":44,"column":7}}},"4":{"name":"(anonymous_4)","decl":{"start":{"line":37,"column":19},"end":{"line":37,"column":22}},"loc":{"start":{"line":37,"column":24},"end":{"line":40,"column":9}}},"5":{"name":"(anonymous_5)","decl":{"start":{"line":45,"column":13},"end":{"line":45,"column":16}},"loc":{"start":{"line":45,"column":19},"end":{"line":49,"column":7}}}},"branchMap":{"0":{"loc":{"start":{"line":22,"column":4},"end":{"line":24,"column":5}},"type":"if","locations":[{"start":{"line":22,"column":4},"end":{"line":24,"column":5}}]},"1":{"loc":{"start":{"line":46,"column":8},"end":{"line":48,"column":9}},"type":"if","locations":[{"start":{"line":46,"column":8},"end":{"line":48,"column":9}}]},"2":{"loc":{"start":{"line":65,"column":9},"end":{"line":67,"column":16}},"type":"cond-expr","locations":[{"start":{"line":66,"column":10},"end":{"line":66,"column":109}},{"start":{"line":67,"column":12},"end":{"line":67,"column":16}}]},"3":{"loc":{"start":{"line":68,"column":9},"end":{"line":68,"column":90}},"type":"cond-expr","locations":[{"start":{"line":68,"column":24},"end":{"line":68,"column":83}},{"start":{"line":68,"column":86},"end":{"line":68,"column":90}}]}},"s":{"0":0,"1":0,"2":0,"3":0,"4":0,"5":0,"6":0,"7":0,"8":0,"9":0,"10":0,"11":0,"12":0,"13":0,"14":0,"15":0,"16":0,"17":0,"18":0,"19":0,"20":0,"21":0,"22":0},"f":{"0":0,"1":0,"2":0,"3":0,"4":0,"5":0},"b":{"0":[0],"1":[0],"2":[0,0],"3":[0,0]}}
,"C:\\Users\\LC user\\Desktop\\Rs School Stage2\\RS-final\\src\\app\\pages\\Registration-page\\Registration-title.tsx": {"path":"C:\\Users\\LC user\\Desktop\\Rs School Stage2\\RS-final\\src\\app\\pages\\Registration-page\\Registration-title.tsx","statementMap":{"0":{"start":{"line":1,"column":43},"end":{"line":8,"column":1}},"1":{"start":{"line":2,"column":2},"end":{"line":7,"column":null}}},"fnMap":{"0":{"name":"(anonymous_0)","decl":{"start":{"line":1,"column":43},"end":{"line":1,"column":46}},"loc":{"start":{"line":1,"column":48},"end":{"line":8,"column":1}}}},"branchMap":{},"s":{"0":0,"1":0},"f":{"0":0},"b":{}}
,"C:\\Users\\LC user\\Desktop\\Rs School Stage2\\RS-final\\src\\app\\pages\\Registration-page\\registration-fields.ts": {"path":"C:\\Users\\LC user\\Desktop\\Rs School Stage2\\RS-final\\src\\app\\pages\\Registration-page\\registration-fields.ts","statementMap":{"0":{"start":{"line":3,"column":45},"end":{"line":66,"column":null}},"1":{"start":{"line":58,"column":26},"end":{"line":58,"column":41}},"2":{"start":{"line":59,"column":24},"end":{"line":59,"column":46}},"3":{"start":{"line":60,"column":24},"end":{"line":60,"column":46}},"4":{"start":{"line":62,"column":8},"end":{"line":62,"column":null}},"5":{"start":{"line":68,"column":41},"end":{"line":110,"column":null}},"6":{"start":{"line":112,"column":40},"end":{"line":154,"column":null}}},"fnMap":{"0":{"name":"(anonymous_0)","decl":{"start":{"line":57,"column":16},"end":{"line":57,"column":17}},"loc":{"start":{"line":57,"column":52},"end":{"line":63,"column":7}}}},"branchMap":{"0":{"loc":{"start":{"line":62,"column":15},"end":{"line":62,"column":117}},"type":"binary-expr","locations":[{"start":{"line":62,"column":16},"end":{"line":62,"column":36}},{"start":{"line":62,"column":40},"end":{"line":62,"column":59}},{"start":{"line":62,"column":64},"end":{"line":62,"column":117}}]}},"s":{"0":0,"1":0,"2":0,"3":0,"4":0,"5":0,"6":0},"f":{"0":0},"b":{"0":[0,0,0]}}
,"C:\\Users\\LC user\\Desktop\\Rs School Stage2\\RS-final\\src\\app\\router\\Router-outlet.tsx": {"path":"C:\\Users\\LC user\\Desktop\\Rs School Stage2\\RS-final\\src\\app\\router\\Router-outlet.tsx","statementMap":{"0":{"start":{"line":6,"column":38},"end":{"line":14,"column":1}},"1":{"start":{"line":7,"column":2},"end":{"line":13,"column":null}}},"fnMap":{"0":{"name":"(anonymous_0)","decl":{"start":{"line":6,"column":38},"end":{"line":6,"column":41}},"loc":{"start":{"line":6,"column":43},"end":{"line":14,"column":1}}}},"branchMap":{},"s":{"0":0,"1":0},"f":{"0":0},"b":{}}
,"C:\\Users\\LC user\\Desktop\\Rs School Stage2\\RS-final\\src\\app\\services\\Context.ts": {"path":"C:\\Users\\LC user\\Desktop\\Rs School Stage2\\RS-final\\src\\app\\services\\Context.ts","statementMap":{"0":{"start":{"line":6,"column":41},"end":{"line":9,"column":null}},"1":{"start":{"line":10,"column":23},"end":{"line":10,"column":53}}},"fnMap":{"0":{"name":"(anonymous_0)","decl":{"start":{"line":8,"column":19},"end":{"line":8,"column":22}},"loc":{"start":{"line":8,"column":24},"end":{"line":8,"column":27}}}},"branchMap":{},"s":{"0":0,"1":0},"f":{"0":0},"b":{}}
,"C:\\Users\\LC user\\Desktop\\Rs School Stage2\\RS-final\\src\\app\\services\\token-storage.ts": {"path":"C:\\Users\\LC user\\Desktop\\Rs School Stage2\\RS-final\\src\\app\\services\\token-storage.ts","statementMap":{"0":{"start":{"line":3,"column":13},"end":{"line":7,"column":null}},"1":{"start":{"line":10,"column":10},"end":{"line":10,"column":null}},"2":{"start":{"line":13,"column":4},"end":{"line":13,"column":null}},"3":{"start":{"line":17,"column":4},"end":{"line":17,"column":null}},"4":{"start":{"line":9,"column":0},"end":{"line":9,"column":13}},"5":{"start":{"line":21,"column":13},"end":{"line":21,"column":null}}},"fnMap":{"0":{"name":"(anonymous_0)","decl":{"start":{"line":9,"column":0},"end":{"line":9,"column":13}},"loc":{"start":{"line":9,"column":0},"end":{"line":19,"column":1}}},"1":{"name":"(anonymous_1)","decl":{"start":{"line":12,"column":9},"end":{"line":12,"column":12}},"loc":{"start":{"line":12,"column":12},"end":{"line":14,"column":3}}},"2":{"name":"(anonymous_2)","decl":{"start":{"line":16,"column":9},"end":{"line":16,"column":12}},"loc":{"start":{"line":16,"column":29},"end":{"line":18,"column":3}}}},"branchMap":{},"s":{"0":1,"1":3,"2":2,"3":1,"4":1,"5":1},"f":{"0":3,"1":2,"2":1},"b":{}}
,"C:\\Users\\LC user\\Desktop\\Rs School Stage2\\RS-final\\src\\app\\tests\\sum.ts": {"path":"C:\\Users\\LC user\\Desktop\\Rs School Stage2\\RS-final\\src\\app\\tests\\sum.ts","statementMap":{"0":{"start":{"line":2,"column":2},"end":{"line":2,"column":null}},"1":{"start":{"line":1,"column":0},"end":{"line":1,"column":16}}},"fnMap":{"0":{"name":"sum","decl":{"start":{"line":1,"column":16},"end":{"line":1,"column":19}},"loc":{"start":{"line":1,"column":40},"end":{"line":3,"column":1}}}},"branchMap":{},"s":{"0":3,"1":1},"f":{"0":3},"b":{}}
,"C:\\Users\\LC user\\Desktop\\Rs School Stage2\\RS-final\\src\\app\\tests\\__snapshots__\\login-image.test.tsx.snap": {"path":"C:\\Users\\LC user\\Desktop\\Rs School Stage2\\RS-final\\src\\app\\tests\\__snapshots__\\login-image.test.tsx.snap","statementMap":{"0":{"start":{"line":3,"column":0},"end":{"line":48,"column":2}}},"fnMap":{},"branchMap":{},"s":{"0":0},"f":{},"b":{},"inputSourceMap":null}
,"C:\\Users\\LC user\\Desktop\\Rs School Stage2\\RS-final\\src\\app\\tests\\__snapshots__\\registration-image.test.tsx.snap": {"path":"C:\\Users\\LC user\\Desktop\\Rs School Stage2\\RS-final\\src\\app\\tests\\__snapshots__\\registration-image.test.tsx.snap","statementMap":{"0":{"start":{"line":3,"column":0},"end":{"line":36,"column":2}}},"fnMap":{},"branchMap":{},"s":{"0":0},"f":{},"b":{},"inputSourceMap":null}
,"C:\\Users\\LC user\\Desktop\\Rs School Stage2\\RS-final\\src\\app\\utils\\setAcitve.tsx": {"path":"C:\\Users\\LC user\\Desktop\\Rs School Stage2\\RS-final\\src\\app\\utils\\setAcitve.tsx","statementMap":{"0":{"start":{"line":1,"column":86},"end":{"line":2,"column":61}},"1":{"start":{"line":2,"column":2},"end":{"line":2,"column":61}}},"fnMap":{"0":{"name":"(anonymous_0)","decl":{"start":{"line":1,"column":86},"end":{"line":1,"column":87}},"loc":{"start":{"line":2,"column":2},"end":{"line":2,"column":61}}}},"branchMap":{"0":{"loc":{"start":{"line":2,"column":2},"end":{"line":2,"column":61}},"type":"cond-expr","locations":[{"start":{"line":2,"column":13},"end":{"line":2,"column":52}},{"start":{"line":2,"column":55},"end":{"line":2,"column":61}}]}},"s":{"0":0,"1":0},"f":{"0":0},"b":{"0":[0,0]}}
,"C:\\Users\\LC user\\Desktop\\Rs School Stage2\\RS-final\\src\\app\\utils\\transformToRegisterObject.ts": {"path":"C:\\Users\\LC user\\Desktop\\Rs School Stage2\\RS-final\\src\\app\\utils\\transformToRegisterObject.ts","statementMap":{"0":{"start":{"line":27,"column":21},"end":{"line":27,"column":58}},"1":{"start":{"line":28,"column":2},"end":{"line":28,"column":null}},"2":{"start":{"line":29,"column":2},"end":{"line":29,"column":null}},"3":{"start":{"line":30,"column":2},"end":{"line":37,"column":3}},"4":{"start":{"line":31,"column":4},"end":{"line":31,"column":null}},"5":{"start":{"line":32,"column":4},"end":{"line":32,"column":null}},"6":{"start":{"line":33,"column":9},"end":{"line":37,"column":3}},"7":{"start":{"line":34,"column":4},"end":{"line":34,"column":null}},"8":{"start":{"line":35,"column":9},"end":{"line":37,"column":3}},"9":{"start":{"line":36,"column":4},"end":{"line":36,"column":null}},"10":{"start":{"line":38,"column":2},"end":{"line":40,"column":3}},"11":{"start":{"line":39,"column":4},"end":{"line":39,"column":null}},"12":{"start":{"line":41,"column":16},"end":{"line":41,"column":53}},"13":{"start":{"line":42,"column":31},"end":{"line":47,"column":null}},"14":{"start":{"line":48,"column":2},"end":{"line":48,"column":null}},"15":{"start":{"line":50,"column":2},"end":{"line":58,"column":3}},"16":{"start":{"line":51,"column":39},"end":{"line":56,"column":null}},"17":{"start":{"line":57,"column":4},"end":{"line":57,"column":null}},"18":{"start":{"line":59,"column":2},"end":{"line":59,"column":null}}},"fnMap":{"0":{"name":"transormToRegisisterObject","decl":{"start":{"line":26,"column":16},"end":{"line":26,"column":42}},"loc":{"start":{"line":26,"column":55},"end":{"line":60,"column":1}}}},"branchMap":{"0":{"loc":{"start":{"line":30,"column":2},"end":{"line":37,"column":3}},"type":"if","locations":[{"start":{"line":30,"column":2},"end":{"line":37,"column":3}},{"start":{"line":33,"column":9},"end":{"line":37,"column":3}}]},"1":{"loc":{"start":{"line":30,"column":6},"end":{"line":30,"column":67}},"type":"binary-expr","locations":[{"start":{"line":30,"column":6},"end":{"line":30,"column":32}},{"start":{"line":30,"column":36},"end":{"line":30,"column":67}}]},"2":{"loc":{"start":{"line":33,"column":9},"end":{"line":37,"column":3}},"type":"if","locations":[{"start":{"line":33,"column":9},"end":{"line":37,"column":3}},{"start":{"line":35,"column":9},"end":{"line":37,"column":3}}]},"3":{"loc":{"start":{"line":33,"column":13},"end":{"line":33,"column":75}},"type":"binary-expr","locations":[{"start":{"line":33,"column":13},"end":{"line":33,"column":39}},{"start":{"line":33,"column":43},"end":{"line":33,"column":75}}]},"4":{"loc":{"start":{"line":35,"column":9},"end":{"line":37,"column":3}},"type":"if","locations":[{"start":{"line":35,"column":9},"end":{"line":37,"column":3}}]},"5":{"loc":{"start":{"line":38,"column":2},"end":{"line":40,"column":3}},"type":"if","locations":[{"start":{"line":38,"column":2},"end":{"line":40,"column":3}}]},"6":{"loc":{"start":{"line":48,"column":2},"end":{"line":48,"column":35}},"type":"cond-expr","locations":[{"start":{"line":48,"column":20},"end":{"line":48,"column":22}},{"start":{"line":48,"column":20},"end":{"line":48,"column":35}}]},"7":{"loc":{"start":{"line":48,"column":2},"end":{"line":48,"column":22}},"type":"binary-expr","locations":[{"start":{"line":48,"column":2},"end":{"line":48,"column":22}},{"start":{"line":48,"column":20},"end":{"line":48,"column":22}}]},"8":{"loc":{"start":{"line":50,"column":2},"end":{"line":58,"column":3}},"type":"if","locations":[{"start":{"line":50,"column":2},"end":{"line":58,"column":3}}]},"9":{"loc":{"start":{"line":57,"column":4},"end":{"line":57,"column":43}},"type":"cond-expr","locations":[{"start":{"line":57,"column":22},"end":{"line":57,"column":24}},{"start":{"line":57,"column":22},"end":{"line":57,"column":43}}]},"10":{"loc":{"start":{"line":57,"column":4},"end":{"line":57,"column":24}},"type":"binary-expr","locations":[{"start":{"line":57,"column":4},"end":{"line":57,"column":24}},{"start":{"line":57,"column":22},"end":{"line":57,"column":24}}]}},"s":{"0":0,"1":0,"2":0,"3":0,"4":0,"5":0,"6":0,"7":0,"8":0,"9":0,"10":0,"11":0,"12":0,"13":0,"14":0,"15":0,"16":0,"17":0,"18":0},"f":{"0":0},"b":{"0":[0,0],"1":[0,0],"2":[0,0],"3":[0,0],"4":[0],"5":[0],"6":[0,0],"7":[0,0],"8":[0],"9":[0,0],"10":[0,0]}}
}
